
ROM used:   101/8192 (1%)
            101/8192 (1%) including unused fragments

            0.1 Average locations per line
            6.3 Average locations per statement

RAM used:   6/368 (2%) at main() level
            7/368 (2%) worst case

Stack used: 0 worst case (0 in main + 0 for interrupts)
Stack size: 8

Lines Stmts  %   Files
----- ----- ---  -----
   28    16 100  main.c
   10     0   0  main.h
  661     0   0  ..\..\..\..\..\Program Files (x86)\PICC\Devices\16F877A.h
----- -----
  699    16 Total

Page ROM  %  RAM   Vol Diff  Functions:
---- --- --- ---   --- ----  ----------
0     23  23    1             @delay_ms1
0     54  53    1   652  4.9  main
0     20  20    0             @const623
 Inline         0             @cinit1

Program metrics:
    Functions               1
    Statements              16
    Comments                110
    Volume (V)              659
    Difficulty (D)          4.6
    Effort to implement (E) 3059
    Time to implement (T)   3 minutes
    Est Delivered Bugs (B)  0
    Cyclomatic Complexity   1
    Maintainability (MI)    66

 Segment     Used  Free
-----------  ----  ----
00000-00003     4  0  
00004-007FF    97  1947  
00800-00FFF     0  2048  
01000-017FF     0  2048  
01800-01FFF     0  2048  



