
ROM used:   1052/8192 (13%)
            1052/8192 (13%) including unused fragments

            1.0 Average locations per line
            12.7 Average locations per statement

RAM used:   10/368 (3%) at main() level
            15/368 (4%) worst case

Stack used: 0 worst case (0 in main + 0 for interrupts)
Stack size: 8

Lines Stmts  %   Files
----- ----- ---  -----
   57    31  37  24c02.c
   10     0   0  24c02.h
  629     0   0  ..\..\..\..\..\Program Files (x86)\PICC\Devices\16F877.h
  269    29  35  ..\..\..\..\..\Program Files (x86)\PICC\Drivers\input.c
   28     0   0  ..\..\..\..\..\Program Files (x86)\PICC\Drivers\ctype.h
   86    23  28  ..\..\..\..\..\Program Files (x86)\PICC\Drivers\2402.c
----- -----
 1079    83 Total

Page ROM  %  RAM   Vol Diff  Functions:
---- --- --- ---   --- ----  ----------
0     33   3    2   174  4.4  gethex1
0     22   2    3   171  4.8  gethex
 Inline         3             @I2C_READ_2
0     74   7    1             @I2C_WRITE_2
0     59   6    1    84  2.4  ext_eeprom_ready
0     63   6    2   134  2.8  write_ext_eeprom
0    163  15    2   207  3.3  read_ext_eeprom
0    165  16    1   872  5.2  MAIN
0     22   2    0             @const649
0     77   7    4             @PSTRINGC7_9600_62_63
0     45   4    0             @const651
0     38   4    2             @PSTRINGC_9600_62_63
0     21   2    0             @const653
0     11   1    0             @const654
0     11   1    0             @const655
0     37   4    0             @const656
0      7   1    0             @const657
0     88   8    5             @PSTRINGCN7_9600_62_63
0     37   4    2             @PRINTF_X_9600_62_63
0     37   4    0             @const663
0     38   4    0             @const664
 Inline         0             @cinit1

Program metrics:
    Functions               6
    Statements              83
    Comments                294
    Volume (V)              2375
    Difficulty (D)          21.1
    Effort to implement (E) 50016
    Time to implement (T)   46 minutes
    Est Delivered Bugs (B)  0
    Cyclomatic Complexity   5
    Maintainability (MI)    48

 Segment     Used  Free
-----------  ----  ----
00000-00003     4  0  
00004-007FF  1048  996  
00800-00FFF     0  2048  
01000-017FF     0  2048  
01800-01FFF     0  2048  



